<?xml version="1.0" encoding="UTF-8"?>
<testng-results ignored="0" total="1" passed="1" failed="0" skipped="0">
  <reporter-output>
  </reporter-output>
  <suite started-at="2024-08-03T00:05:30 IST" name="Default suite" finished-at="2024-08-03T00:06:49 IST" duration-ms="78428">
    <groups>
    </groups>
    <test started-at="2024-08-03T00:05:30 IST" name="Default test" finished-at="2024-08-03T00:06:49 IST" duration-ms="78428">
      <class name="testpkg.EbayTestt$EbayTest">
        <test-method is-config="true" signature="setup()[pri:0, instance:testpkg.EbayTestt$EbayTest@173ed316]" started-at="2024-08-03T00:05:30 IST" name="setup" finished-at="2024-08-03T00:05:41 IST" duration-ms="10719" status="PASS">
          <reporter-output>
          </reporter-output>
        </test-method> <!-- setup -->
        <test-method signature="logintest()[pri:0, instance:testpkg.EbayTestt$EbayTest@173ed316]" started-at="2024-08-03T00:05:41 IST" name="logintest" finished-at="2024-08-03T00:06:48 IST" duration-ms="66929" status="PASS">
          <reporter-output>
          </reporter-output>
        </test-method> <!-- logintest -->
        <test-method is-config="true" signature="teardown()[pri:0, instance:testpkg.EbayTestt$EbayTest@173ed316]" started-at="2024-08-03T00:06:48 IST" name="teardown" finished-at="2024-08-03T00:06:49 IST" duration-ms="667" status="PASS">
          <reporter-output>
          </reporter-output>
        </test-method> <!-- teardown -->
      </class> <!-- testpkg.EbayTestt$EbayTest -->
    </test> <!-- Default test -->
  </suite> <!-- Default suite -->
</testng-results>
